2015-03-28 08:22:07 [::1][-][-][error][yii\web\HttpException:404] exception 'yii\base\InvalidRouteException' with message 'Unable to resolve the request "document".' in C:\Users\Bernard\Desktop\Repository\apc-softdev-it112-02\application\bir_dwts\vendor\yiisoft\yii2\base\Module.php:461
Stack trace:
#0 C:\Users\Bernard\Desktop\Repository\apc-softdev-it112-02\application\bir_dwts\vendor\yiisoft\yii2\web\Application.php(83): yii\base\Module->runAction('document', Array)
#1 C:\Users\Bernard\Desktop\Repository\apc-softdev-it112-02\application\bir_dwts\vendor\yiisoft\yii2\base\Application.php(375): yii\web\Application->handleRequest(Object(yii\web\Request))
#2 C:\Users\Bernard\Desktop\Repository\apc-softdev-it112-02\application\bir_dwts\backend\web\index.php(18): yii\base\Application->run()
#3 {main}

Next exception 'yii\web\NotFoundHttpException' with message 'Page not found.' in C:\Users\Bernard\Desktop\Repository\apc-softdev-it112-02\application\bir_dwts\vendor\yiisoft\yii2\web\Application.php:95
Stack trace:
#0 C:\Users\Bernard\Desktop\Repository\apc-softdev-it112-02\application\bir_dwts\vendor\yiisoft\yii2\base\Application.php(375): yii\web\Application->handleRequest(Object(yii\web\Request))
#1 C:\Users\Bernard\Desktop\Repository\apc-softdev-it112-02\application\bir_dwts\backend\web\index.php(18): yii\base\Application->run()
#2 {main}
2015-03-28 08:22:07 [::1][-][-][info][application] $_GET = [
    'r' => 'document'
]

$_COOKIE = [
    'SESS852d8b94f3c62424c67fe41570978de8' => '5yL00e1yfDL5kW4-0ibLxVSqqPjvFMOtb3bbxk0phg4'
    '_identity' => '67703c2f6da9d640461770c7bc53346c5b6efe3b95b5f950844c3c015b7055eaa:2:{i:0;s:9:\"_identity\";i:1;s:46:\"[1,\"Sf7oCZn0iOIuHA9rBFhBiUDCb7hpdpgW\",2592000]\";}'
    'PHPSESSID' => '7ojd7225hr3i4n765ei7ebbd35'
    '_csrf' => '687b4ef985b93c8e137cabdf41dbb4f6e24de5ec10991f7b8b116b1321552f5fa:2:{i:0;s:5:\"_csrf\";i:1;s:32:\"HqTIPHTrUOHPi-0qnkOiZowFhThFhrbE\";}'
]

$_SESSION = [
    '__flash' => []
    '__returnUrl' => '/bir_dwts/backend/web/index.php'
]

$_SERVER = [
    'MIBDIRS' => 'C:/xampp/php/extras/mibs'
    'MYSQL_HOME' => '\\xampp\\mysql\\bin'
    'OPENSSL_CONF' => 'C:/xampp/apache/bin/openssl.cnf'
    'PHP_PEAR_SYSCONF_DIR' => '\\xampp\\php'
    'PHPRC' => '\\xampp\\php'
    'TMP' => '\\xampp\\tmp'
    'HTTP_HOST' => 'localhost'
    'HTTP_USER_AGENT' => 'Mozilla/5.0 (Windows NT 6.3; WOW64; rv:36.0) Gecko/20100101 Firefox/36.0'
    'HTTP_ACCEPT' => 'text/html,application/xhtml+xml,application/xml;q=0.9,*/*;q=0.8'
    'HTTP_ACCEPT_LANGUAGE' => 'en-US,en;q=0.5'
    'HTTP_ACCEPT_ENCODING' => 'gzip, deflate'
    'HTTP_COOKIE' => 'SESS852d8b94f3c62424c67fe41570978de8=5yL00e1yfDL5kW4-0ibLxVSqqPjvFMOtb3bbxk0phg4; _identity=67703c2f6da9d640461770c7bc53346c5b6efe3b95b5f950844c3c015b7055eaa%3A2%3A%7Bi%3A0%3Bs%3A9%3A%22_identity%22%3Bi%3A1%3Bs%3A46%3A%22%5B1%2C%22Sf7oCZn0iOIuHA9rBFhBiUDCb7hpdpgW%22%2C2592000%5D%22%3B%7D; PHPSESSID=7ojd7225hr3i4n765ei7ebbd35; _csrf=687b4ef985b93c8e137cabdf41dbb4f6e24de5ec10991f7b8b116b1321552f5fa%3A2%3A%7Bi%3A0%3Bs%3A5%3A%22_csrf%22%3Bi%3A1%3Bs%3A32%3A%22HqTIPHTrUOHPi-0qnkOiZowFhThFhrbE%22%3B%7D'
    'HTTP_CONNECTION' => 'keep-alive'
    'PATH' => 'C:\\ProgramData\\Oracle\\Java\\javapath;C:\\Program Files (x86)\\NVIDIA Corporation\\PhysX\\Common;C:\\Program Files (x86)\\Intel\\iCLS Client\\;C:\\Program Files\\Intel\\iCLS Client\\;C:\\WINDOWS\\system32;C:\\WINDOWS;C:\\WINDOWS\\System32\\Wbem;C:\\WINDOWS\\System32\\WindowsPowerShell\\v1.0\\;C:\\Program Files (x86)\\Windows Live\\Shared;C:\\Program Files\\Intel\\Intel(R) Management Engine Components\\DAL;C:\\Program Files\\Intel\\Intel(R) Management Engine Components\\IPT;C:\\Program Files (x86)\\Intel\\Intel(R) Management Engine Components\\DAL;C:\\Program Files (x86)\\Intel\\Intel(R) Management Engine Components\\IPT;C:\\Program Files (x86)\\Intel\\OpenCL SDK\\2.0\\bin\\x86;C:\\Program Files (x86)\\Intel\\OpenCL SDK\\2.0\\bin\\x64;C:\\Program Files\\TortoiseGit\\bin;c:\\xampp\\php'
    'SystemRoot' => 'C:\\WINDOWS'
    'COMSPEC' => 'C:\\WINDOWS\\system32\\cmd.exe'
    'PATHEXT' => '.COM;.EXE;.BAT;.CMD;.VBS;.VBE;.JS;.JSE;.WSF;.WSH;.MSC'
    'WINDIR' => 'C:\\WINDOWS'
    'SERVER_SIGNATURE' => '<address>Apache/2.4.7 (Win32) OpenSSL/0.9.8y PHP/5.4.22 Server at localhost Port 80</address>
'
    'SERVER_SOFTWARE' => 'Apache/2.4.7 (Win32) OpenSSL/0.9.8y PHP/5.4.22'
    'SERVER_NAME' => 'localhost'
    'SERVER_ADDR' => '::1'
    'SERVER_PORT' => '80'
    'REMOTE_ADDR' => '::1'
    'DOCUMENT_ROOT' => 'C:/xampp/htdocs'
    'REQUEST_SCHEME' => 'http'
    'CONTEXT_PREFIX' => ''
    'CONTEXT_DOCUMENT_ROOT' => 'C:/xampp/htdocs'
    'SERVER_ADMIN' => 'postmaster@localhost'
    'SCRIPT_FILENAME' => 'C:/xampp/htdocs/bir_dwts/backend/web/index.php'
    'REMOTE_PORT' => '53137'
    'GATEWAY_INTERFACE' => 'CGI/1.1'
    'SERVER_PROTOCOL' => 'HTTP/1.1'
    'REQUEST_METHOD' => 'GET'
    'QUERY_STRING' => 'r=document'
    'REQUEST_URI' => '/bir_dwts/backend/web/index.php?r=document'
    'SCRIPT_NAME' => '/bir_dwts/backend/web/index.php'
    'PHP_SELF' => '/bir_dwts/backend/web/index.php'
    'REQUEST_TIME_FLOAT' => 1427527327.874
    'REQUEST_TIME' => 1427527327
]
2015-03-28 08:24:56 [::1][-][-][error][yii\web\HttpException:404] exception 'yii\base\InvalidRouteException' with message 'Unable to resolve the request "document".' in C:\Users\Bernard\Desktop\Repository\apc-softdev-it112-02\application\bir_dwts\vendor\yiisoft\yii2\base\Module.php:461
Stack trace:
#0 C:\Users\Bernard\Desktop\Repository\apc-softdev-it112-02\application\bir_dwts\vendor\yiisoft\yii2\web\Application.php(83): yii\base\Module->runAction('document', Array)
#1 C:\Users\Bernard\Desktop\Repository\apc-softdev-it112-02\application\bir_dwts\vendor\yiisoft\yii2\base\Application.php(375): yii\web\Application->handleRequest(Object(yii\web\Request))
#2 C:\Users\Bernard\Desktop\Repository\apc-softdev-it112-02\application\bir_dwts\backend\web\index.php(18): yii\base\Application->run()
#3 {main}

Next exception 'yii\web\NotFoundHttpException' with message 'Page not found.' in C:\Users\Bernard\Desktop\Repository\apc-softdev-it112-02\application\bir_dwts\vendor\yiisoft\yii2\web\Application.php:95
Stack trace:
#0 C:\Users\Bernard\Desktop\Repository\apc-softdev-it112-02\application\bir_dwts\vendor\yiisoft\yii2\base\Application.php(375): yii\web\Application->handleRequest(Object(yii\web\Request))
#1 C:\Users\Bernard\Desktop\Repository\apc-softdev-it112-02\application\bir_dwts\backend\web\index.php(18): yii\base\Application->run()
#2 {main}
2015-03-28 08:24:56 [::1][-][-][info][application] $_GET = [
    'r' => 'document'
]

$_COOKIE = [
    'SESS852d8b94f3c62424c67fe41570978de8' => '5yL00e1yfDL5kW4-0ibLxVSqqPjvFMOtb3bbxk0phg4'
    '_identity' => '67703c2f6da9d640461770c7bc53346c5b6efe3b95b5f950844c3c015b7055eaa:2:{i:0;s:9:\"_identity\";i:1;s:46:\"[1,\"Sf7oCZn0iOIuHA9rBFhBiUDCb7hpdpgW\",2592000]\";}'
    'PHPSESSID' => '7ojd7225hr3i4n765ei7ebbd35'
    '_csrf' => '70d3caaf5b23e440e64307afed4fc0a35c6b26205b9c6598e9b74031f4941420a:2:{i:0;s:5:\"_csrf\";i:1;s:32:\"_PAYpuNVk4I-F23yJAPGToT4haaA4Viy\";}'
]

$_SESSION = [
    '__flash' => []
    '__returnUrl' => '/bir_dwts/backend/web/index.php'
]

$_SERVER = [
    'MIBDIRS' => 'C:/xampp/php/extras/mibs'
    'MYSQL_HOME' => '\\xampp\\mysql\\bin'
    'OPENSSL_CONF' => 'C:/xampp/apache/bin/openssl.cnf'
    'PHP_PEAR_SYSCONF_DIR' => '\\xampp\\php'
    'PHPRC' => '\\xampp\\php'
    'TMP' => '\\xampp\\tmp'
    'HTTP_HOST' => 'localhost'
    'HTTP_USER_AGENT' => 'Mozilla/5.0 (Windows NT 6.3; WOW64; rv:36.0) Gecko/20100101 Firefox/36.0'
    'HTTP_ACCEPT' => 'text/html,application/xhtml+xml,application/xml;q=0.9,*/*;q=0.8'
    'HTTP_ACCEPT_LANGUAGE' => 'en-US,en;q=0.5'
    'HTTP_ACCEPT_ENCODING' => 'gzip, deflate'
    'HTTP_COOKIE' => 'SESS852d8b94f3c62424c67fe41570978de8=5yL00e1yfDL5kW4-0ibLxVSqqPjvFMOtb3bbxk0phg4; _identity=67703c2f6da9d640461770c7bc53346c5b6efe3b95b5f950844c3c015b7055eaa%3A2%3A%7Bi%3A0%3Bs%3A9%3A%22_identity%22%3Bi%3A1%3Bs%3A46%3A%22%5B1%2C%22Sf7oCZn0iOIuHA9rBFhBiUDCb7hpdpgW%22%2C2592000%5D%22%3B%7D; PHPSESSID=7ojd7225hr3i4n765ei7ebbd35; _csrf=70d3caaf5b23e440e64307afed4fc0a35c6b26205b9c6598e9b74031f4941420a%3A2%3A%7Bi%3A0%3Bs%3A5%3A%22_csrf%22%3Bi%3A1%3Bs%3A32%3A%22_PAYpuNVk4I-F23yJAPGToT4haaA4Viy%22%3B%7D'
    'HTTP_CONNECTION' => 'keep-alive'
    'PATH' => 'C:\\ProgramData\\Oracle\\Java\\javapath;C:\\Program Files (x86)\\NVIDIA Corporation\\PhysX\\Common;C:\\Program Files (x86)\\Intel\\iCLS Client\\;C:\\Program Files\\Intel\\iCLS Client\\;C:\\WINDOWS\\system32;C:\\WINDOWS;C:\\WINDOWS\\System32\\Wbem;C:\\WINDOWS\\System32\\WindowsPowerShell\\v1.0\\;C:\\Program Files (x86)\\Windows Live\\Shared;C:\\Program Files\\Intel\\Intel(R) Management Engine Components\\DAL;C:\\Program Files\\Intel\\Intel(R) Management Engine Components\\IPT;C:\\Program Files (x86)\\Intel\\Intel(R) Management Engine Components\\DAL;C:\\Program Files (x86)\\Intel\\Intel(R) Management Engine Components\\IPT;C:\\Program Files (x86)\\Intel\\OpenCL SDK\\2.0\\bin\\x86;C:\\Program Files (x86)\\Intel\\OpenCL SDK\\2.0\\bin\\x64;C:\\Program Files\\TortoiseGit\\bin;c:\\xampp\\php'
    'SystemRoot' => 'C:\\WINDOWS'
    'COMSPEC' => 'C:\\WINDOWS\\system32\\cmd.exe'
    'PATHEXT' => '.COM;.EXE;.BAT;.CMD;.VBS;.VBE;.JS;.JSE;.WSF;.WSH;.MSC'
    'WINDIR' => 'C:\\WINDOWS'
    'SERVER_SIGNATURE' => '<address>Apache/2.4.7 (Win32) OpenSSL/0.9.8y PHP/5.4.22 Server at localhost Port 80</address>
'
    'SERVER_SOFTWARE' => 'Apache/2.4.7 (Win32) OpenSSL/0.9.8y PHP/5.4.22'
    'SERVER_NAME' => 'localhost'
    'SERVER_ADDR' => '::1'
    'SERVER_PORT' => '80'
    'REMOTE_ADDR' => '::1'
    'DOCUMENT_ROOT' => 'C:/xampp/htdocs'
    'REQUEST_SCHEME' => 'http'
    'CONTEXT_PREFIX' => ''
    'CONTEXT_DOCUMENT_ROOT' => 'C:/xampp/htdocs'
    'SERVER_ADMIN' => 'postmaster@localhost'
    'SCRIPT_FILENAME' => 'C:/xampp/htdocs/bir_dwts/backend/web/index.php'
    'REMOTE_PORT' => '53162'
    'GATEWAY_INTERFACE' => 'CGI/1.1'
    'SERVER_PROTOCOL' => 'HTTP/1.1'
    'REQUEST_METHOD' => 'GET'
    'QUERY_STRING' => 'r=document'
    'REQUEST_URI' => '/bir_dwts/backend/web/index.php?r=document'
    'SCRIPT_NAME' => '/bir_dwts/backend/web/index.php'
    'PHP_SELF' => '/bir_dwts/backend/web/index.php'
    'REQUEST_TIME_FLOAT' => 1427527496.194
    'REQUEST_TIME' => 1427527496
]
2015-03-28 09:06:06 [::1][-][-][error][yii\base\InvalidParamException] exception 'yii\base\InvalidParamException' with message 'The view file does not exist: C:\Users\Bernard\Desktop\Repository\apc-softdev-it112-02\application\bir_dwts\backend\views\documentworkflow\index.php' in C:\Users\Bernard\Desktop\Repository\apc-softdev-it112-02\application\bir_dwts\vendor\yiisoft\yii2\base\View.php:226
Stack trace:
#0 C:\Users\Bernard\Desktop\Repository\apc-softdev-it112-02\application\bir_dwts\vendor\yiisoft\yii2\base\View.php(149): yii\base\View->renderFile('C:\Users\Bernar...', Array, Object(backend\controllers\DocumentWorkflowController))
#1 C:\Users\Bernard\Desktop\Repository\apc-softdev-it112-02\application\bir_dwts\vendor\yiisoft\yii2\base\Controller.php(367): yii\base\View->render('index', Array, Object(backend\controllers\DocumentWorkflowController))
#2 C:\Users\Bernard\Desktop\Repository\apc-softdev-it112-02\application\bir_dwts\backend\controllers\DocumentWorkflowController.php(41): yii\base\Controller->render('index', Array)
#3 [internal function]: backend\controllers\DocumentWorkflowController->actionIndex()
#4 C:\Users\Bernard\Desktop\Repository\apc-softdev-it112-02\application\bir_dwts\vendor\yiisoft\yii2\base\InlineAction.php(55): call_user_func_array(Array, Array)
#5 C:\Users\Bernard\Desktop\Repository\apc-softdev-it112-02\application\bir_dwts\vendor\yiisoft\yii2\base\Controller.php(151): yii\base\InlineAction->runWithParams(Array)
#6 C:\Users\Bernard\Desktop\Repository\apc-softdev-it112-02\application\bir_dwts\vendor\yiisoft\yii2\base\Module.php(455): yii\base\Controller->runAction('', Array)
#7 C:\Users\Bernard\Desktop\Repository\apc-softdev-it112-02\application\bir_dwts\vendor\yiisoft\yii2\web\Application.php(83): yii\base\Module->runAction('documentworkflo...', Array)
#8 C:\Users\Bernard\Desktop\Repository\apc-softdev-it112-02\application\bir_dwts\vendor\yiisoft\yii2\base\Application.php(375): yii\web\Application->handleRequest(Object(yii\web\Request))
#9 C:\Users\Bernard\Desktop\Repository\apc-softdev-it112-02\application\bir_dwts\backend\web\index.php(18): yii\base\Application->run()
#10 {main}
2015-03-28 09:06:02 [::1][-][-][info][application] $_GET = [
    'r' => 'documentworkflow'
]

$_COOKIE = [
    'SESS852d8b94f3c62424c67fe41570978de8' => '5yL00e1yfDL5kW4-0ibLxVSqqPjvFMOtb3bbxk0phg4'
    '_identity' => '67703c2f6da9d640461770c7bc53346c5b6efe3b95b5f950844c3c015b7055eaa:2:{i:0;s:9:\"_identity\";i:1;s:46:\"[1,\"Sf7oCZn0iOIuHA9rBFhBiUDCb7hpdpgW\",2592000]\";}'
    'PHPSESSID' => '7ojd7225hr3i4n765ei7ebbd35'
    '_csrf' => '623bf4a1ef98b6fae34358b35d8ca88fd3df9ee2907a1aef83995a0ba24aa68ca:2:{i:0;s:5:\"_csrf\";i:1;s:32:\"fAd4iuV8DIUKN5_D60AhjeBMfA3xUVhZ\";}'
]

$_SERVER = [
    'MIBDIRS' => 'C:/xampp/php/extras/mibs'
    'MYSQL_HOME' => '\\xampp\\mysql\\bin'
    'OPENSSL_CONF' => 'C:/xampp/apache/bin/openssl.cnf'
    'PHP_PEAR_SYSCONF_DIR' => '\\xampp\\php'
    'PHPRC' => '\\xampp\\php'
    'TMP' => '\\xampp\\tmp'
    'HTTP_HOST' => 'localhost'
    'HTTP_USER_AGENT' => 'Mozilla/5.0 (Windows NT 6.3; WOW64; rv:36.0) Gecko/20100101 Firefox/36.0'
    'HTTP_ACCEPT' => 'text/html,application/xhtml+xml,application/xml;q=0.9,*/*;q=0.8'
    'HTTP_ACCEPT_LANGUAGE' => 'en-US,en;q=0.5'
    'HTTP_ACCEPT_ENCODING' => 'gzip, deflate'
    'HTTP_COOKIE' => 'SESS852d8b94f3c62424c67fe41570978de8=5yL00e1yfDL5kW4-0ibLxVSqqPjvFMOtb3bbxk0phg4; _identity=67703c2f6da9d640461770c7bc53346c5b6efe3b95b5f950844c3c015b7055eaa%3A2%3A%7Bi%3A0%3Bs%3A9%3A%22_identity%22%3Bi%3A1%3Bs%3A46%3A%22%5B1%2C%22Sf7oCZn0iOIuHA9rBFhBiUDCb7hpdpgW%22%2C2592000%5D%22%3B%7D; PHPSESSID=7ojd7225hr3i4n765ei7ebbd35; _csrf=623bf4a1ef98b6fae34358b35d8ca88fd3df9ee2907a1aef83995a0ba24aa68ca%3A2%3A%7Bi%3A0%3Bs%3A5%3A%22_csrf%22%3Bi%3A1%3Bs%3A32%3A%22fAd4iuV8DIUKN5_D60AhjeBMfA3xUVhZ%22%3B%7D'
    'HTTP_CONNECTION' => 'keep-alive'
    'PATH' => 'C:\\ProgramData\\Oracle\\Java\\javapath;C:\\Program Files (x86)\\NVIDIA Corporation\\PhysX\\Common;C:\\Program Files (x86)\\Intel\\iCLS Client\\;C:\\Program Files\\Intel\\iCLS Client\\;C:\\WINDOWS\\system32;C:\\WINDOWS;C:\\WINDOWS\\System32\\Wbem;C:\\WINDOWS\\System32\\WindowsPowerShell\\v1.0\\;C:\\Program Files (x86)\\Windows Live\\Shared;C:\\Program Files\\Intel\\Intel(R) Management Engine Components\\DAL;C:\\Program Files\\Intel\\Intel(R) Management Engine Components\\IPT;C:\\Program Files (x86)\\Intel\\Intel(R) Management Engine Components\\DAL;C:\\Program Files (x86)\\Intel\\Intel(R) Management Engine Components\\IPT;C:\\Program Files (x86)\\Intel\\OpenCL SDK\\2.0\\bin\\x86;C:\\Program Files (x86)\\Intel\\OpenCL SDK\\2.0\\bin\\x64;C:\\Program Files\\TortoiseGit\\bin;c:\\xampp\\php'
    'SystemRoot' => 'C:\\WINDOWS'
    'COMSPEC' => 'C:\\WINDOWS\\system32\\cmd.exe'
    'PATHEXT' => '.COM;.EXE;.BAT;.CMD;.VBS;.VBE;.JS;.JSE;.WSF;.WSH;.MSC'
    'WINDIR' => 'C:\\WINDOWS'
    'SERVER_SIGNATURE' => '<address>Apache/2.4.7 (Win32) OpenSSL/0.9.8y PHP/5.4.22 Server at localhost Port 80</address>
'
    'SERVER_SOFTWARE' => 'Apache/2.4.7 (Win32) OpenSSL/0.9.8y PHP/5.4.22'
    'SERVER_NAME' => 'localhost'
    'SERVER_ADDR' => '::1'
    'SERVER_PORT' => '80'
    'REMOTE_ADDR' => '::1'
    'DOCUMENT_ROOT' => 'C:/xampp/htdocs'
    'REQUEST_SCHEME' => 'http'
    'CONTEXT_PREFIX' => ''
    'CONTEXT_DOCUMENT_ROOT' => 'C:/xampp/htdocs'
    'SERVER_ADMIN' => 'postmaster@localhost'
    'SCRIPT_FILENAME' => 'C:/xampp/htdocs/bir_dwts/backend/web/index.php'
    'REMOTE_PORT' => '63320'
    'GATEWAY_INTERFACE' => 'CGI/1.1'
    'SERVER_PROTOCOL' => 'HTTP/1.1'
    'REQUEST_METHOD' => 'GET'
    'QUERY_STRING' => 'r=documentworkflow'
    'REQUEST_URI' => '/bir_dwts/backend/web/index.php?r=documentworkflow'
    'SCRIPT_NAME' => '/bir_dwts/backend/web/index.php'
    'PHP_SELF' => '/bir_dwts/backend/web/index.php'
    'REQUEST_TIME_FLOAT' => 1427529962.397
    'REQUEST_TIME' => 1427529962
]
2015-03-28 09:29:04 [::1][-][-][error][yii\db\Exception] exception 'PDOException' with message 'SQLSTATE[42S22]: Column not found: 1054 Unknown column 'status' in 'where clause'' in C:\Users\Bernard\Desktop\Repository\apc-softdev-it112-02\application\bir_dwts\vendor\yiisoft\yii2\db\Command.php:822
Stack trace:
#0 C:\Users\Bernard\Desktop\Repository\apc-softdev-it112-02\application\bir_dwts\vendor\yiisoft\yii2\db\Command.php(822): PDOStatement->execute()
#1 C:\Users\Bernard\Desktop\Repository\apc-softdev-it112-02\application\bir_dwts\vendor\yiisoft\yii2\db\Command.php(364): yii\db\Command->queryInternal('fetch', NULL)
#2 C:\Users\Bernard\Desktop\Repository\apc-softdev-it112-02\application\bir_dwts\vendor\yiisoft\yii2\db\Query.php(243): yii\db\Command->queryOne()
#3 C:\Users\Bernard\Desktop\Repository\apc-softdev-it112-02\application\bir_dwts\vendor\yiisoft\yii2\db\ActiveQuery.php(285): yii\db\Query->one(NULL)
#4 C:\Users\Bernard\Desktop\Repository\apc-softdev-it112-02\application\bir_dwts\vendor\yiisoft\yii2\db\BaseActiveRecord.php(101): yii\db\ActiveQuery->one()
#5 C:\Users\Bernard\Desktop\Repository\apc-softdev-it112-02\application\bir_dwts\common\models\User.php(82): yii\db\BaseActiveRecord::findOne(Array)
#6 C:\Users\Bernard\Desktop\Repository\apc-softdev-it112-02\application\bir_dwts\common\models\LoginForm.php(73): common\models\User::findByUsername('bptopacio')
#7 C:\Users\Bernard\Desktop\Repository\apc-softdev-it112-02\application\bir_dwts\common\models\LoginForm.php(44): common\models\LoginForm->getUser()
#8 [internal function]: common\models\LoginForm->validatePassword('password', NULL)
#9 C:\Users\Bernard\Desktop\Repository\apc-softdev-it112-02\application\bir_dwts\vendor\yiisoft\yii2\validators\InlineValidator.php(69): call_user_func(Array, 'password', NULL)
#10 C:\Users\Bernard\Desktop\Repository\apc-softdev-it112-02\application\bir_dwts\vendor\yiisoft\yii2\validators\Validator.php(238): yii\validators\InlineValidator->validateAttribute(Object(common\models\LoginForm), 'password')
#11 C:\Users\Bernard\Desktop\Repository\apc-softdev-it112-02\application\bir_dwts\vendor\yiisoft\yii2\base\Model.php(333): yii\validators\Validator->validateAttributes(Object(common\models\LoginForm), Array)
#12 C:\Users\Bernard\Desktop\Repository\apc-softdev-it112-02\application\bir_dwts\common\models\LoginForm.php(58): yii\base\Model->validate()
#13 C:\Users\Bernard\Desktop\Repository\apc-softdev-it112-02\application\bir_dwts\backend\controllers\SiteController.php(68): common\models\LoginForm->login()
#14 [internal function]: backend\controllers\SiteController->actionLogin()
#15 C:\Users\Bernard\Desktop\Repository\apc-softdev-it112-02\application\bir_dwts\vendor\yiisoft\yii2\base\InlineAction.php(55): call_user_func_array(Array, Array)
#16 C:\Users\Bernard\Desktop\Repository\apc-softdev-it112-02\application\bir_dwts\vendor\yiisoft\yii2\base\Controller.php(151): yii\base\InlineAction->runWithParams(Array)
#17 C:\Users\Bernard\Desktop\Repository\apc-softdev-it112-02\application\bir_dwts\vendor\yiisoft\yii2\base\Module.php(455): yii\base\Controller->runAction('login', Array)
#18 C:\Users\Bernard\Desktop\Repository\apc-softdev-it112-02\application\bir_dwts\vendor\yiisoft\yii2\web\Application.php(83): yii\base\Module->runAction('site/login', Array)
#19 C:\Users\Bernard\Desktop\Repository\apc-softdev-it112-02\application\bir_dwts\vendor\yiisoft\yii2\base\Application.php(375): yii\web\Application->handleRequest(Object(yii\web\Request))
#20 C:\Users\Bernard\Desktop\Repository\apc-softdev-it112-02\application\bir_dwts\backend\web\index.php(18): yii\base\Application->run()
#21 {main}

Next exception 'yii\db\Exception' with message 'SQLSTATE[42S22]: Column not found: 1054 Unknown column 'status' in 'where clause'
The SQL being executed was: SELECT * FROM `user` WHERE (`username`='bptopacio') AND (`status`=10)' in C:\Users\Bernard\Desktop\Repository\apc-softdev-it112-02\application\bir_dwts\vendor\yiisoft\yii2\db\Schema.php:534
Stack trace:
#0 C:\Users\Bernard\Desktop\Repository\apc-softdev-it112-02\application\bir_dwts\vendor\yiisoft\yii2\db\Command.php(837): yii\db\Schema->convertException(Object(PDOException), 'SELECT * FROM `...')
#1 C:\Users\Bernard\Desktop\Repository\apc-softdev-it112-02\application\bir_dwts\vendor\yiisoft\yii2\db\Command.php(364): yii\db\Command->queryInternal('fetch', NULL)
#2 C:\Users\Bernard\Desktop\Repository\apc-softdev-it112-02\application\bir_dwts\vendor\yiisoft\yii2\db\Query.php(243): yii\db\Command->queryOne()
#3 C:\Users\Bernard\Desktop\Repository\apc-softdev-it112-02\application\bir_dwts\vendor\yiisoft\yii2\db\ActiveQuery.php(285): yii\db\Query->one(NULL)
#4 C:\Users\Bernard\Desktop\Repository\apc-softdev-it112-02\application\bir_dwts\vendor\yiisoft\yii2\db\BaseActiveRecord.php(101): yii\db\ActiveQuery->one()
#5 C:\Users\Bernard\Desktop\Repository\apc-softdev-it112-02\application\bir_dwts\common\models\User.php(82): yii\db\BaseActiveRecord::findOne(Array)
#6 C:\Users\Bernard\Desktop\Repository\apc-softdev-it112-02\application\bir_dwts\common\models\LoginForm.php(73): common\models\User::findByUsername('bptopacio')
#7 C:\Users\Bernard\Desktop\Repository\apc-softdev-it112-02\application\bir_dwts\common\models\LoginForm.php(44): common\models\LoginForm->getUser()
#8 [internal function]: common\models\LoginForm->validatePassword('password', NULL)
#9 C:\Users\Bernard\Desktop\Repository\apc-softdev-it112-02\application\bir_dwts\vendor\yiisoft\yii2\validators\InlineValidator.php(69): call_user_func(Array, 'password', NULL)
#10 C:\Users\Bernard\Desktop\Repository\apc-softdev-it112-02\application\bir_dwts\vendor\yiisoft\yii2\validators\Validator.php(238): yii\validators\InlineValidator->validateAttribute(Object(common\models\LoginForm), 'password')
#11 C:\Users\Bernard\Desktop\Repository\apc-softdev-it112-02\application\bir_dwts\vendor\yiisoft\yii2\base\Model.php(333): yii\validators\Validator->validateAttributes(Object(common\models\LoginForm), Array)
#12 C:\Users\Bernard\Desktop\Repository\apc-softdev-it112-02\application\bir_dwts\common\models\LoginForm.php(58): yii\base\Model->validate()
#13 C:\Users\Bernard\Desktop\Repository\apc-softdev-it112-02\application\bir_dwts\backend\controllers\SiteController.php(68): common\models\LoginForm->login()
#14 [internal function]: backend\controllers\SiteController->actionLogin()
#15 C:\Users\Bernard\Desktop\Repository\apc-softdev-it112-02\application\bir_dwts\vendor\yiisoft\yii2\base\InlineAction.php(55): call_user_func_array(Array, Array)
#16 C:\Users\Bernard\Desktop\Repository\apc-softdev-it112-02\application\bir_dwts\vendor\yiisoft\yii2\base\Controller.php(151): yii\base\InlineAction->runWithParams(Array)
#17 C:\Users\Bernard\Desktop\Repository\apc-softdev-it112-02\application\bir_dwts\vendor\yiisoft\yii2\base\Module.php(455): yii\base\Controller->runAction('login', Array)
#18 C:\Users\Bernard\Desktop\Repository\apc-softdev-it112-02\application\bir_dwts\vendor\yiisoft\yii2\web\Application.php(83): yii\base\Module->runAction('site/login', Array)
#19 C:\Users\Bernard\Desktop\Repository\apc-softdev-it112-02\application\bir_dwts\vendor\yiisoft\yii2\base\Application.php(375): yii\web\Application->handleRequest(Object(yii\web\Request))
#20 C:\Users\Bernard\Desktop\Repository\apc-softdev-it112-02\application\bir_dwts\backend\web\index.php(18): yii\base\Application->run()
#21 {main}
Additional Information:
Array
(
    [0] => 42S22
    [1] => 1054
    [2] => Unknown column 'status' in 'where clause'
)

2015-03-28 09:29:03 [::1][-][-][info][application] $_GET = [
    'r' => 'site/login'
]

$_POST = [
    '_csrf' => 'M1ZSc25QZTZmByEAXwQVVXhhZRlaGiB/dW8ZMDQFMUJgYwomADsKdw=='
    'LoginForm' => [
        'username' => 'bptopacio'
        'password' => 'qwerty'
        'rememberMe' => '1'
    ]
    'login-button' => ''
]

$_COOKIE = [
    'SESS852d8b94f3c62424c67fe41570978de8' => '5yL00e1yfDL5kW4-0ibLxVSqqPjvFMOtb3bbxk0phg4'
    '_identity' => '67703c2f6da9d640461770c7bc53346c5b6efe3b95b5f950844c3c015b7055eaa:2:{i:0;s:9:\"_identity\";i:1;s:46:\"[1,\"Sf7oCZn0iOIuHA9rBFhBiUDCb7hpdpgW\",2592000]\";}'
    'PHPSESSID' => '7ojd7225hr3i4n765ei7ebbd35'
    '_csrf' => 'daf5e513521f7557badca461222fba6ac7e92f131091fec509a455c77edc2e8da:2:{i:0;s:5:\"_csrf\";i:1;s:32:\"UQss1TpcK77j4JEIF9KCZUTtS5XUnkoA\";}'
]

$_SESSION = [
    '__flash' => []
    '__returnUrl' => '/bir_dwts/backend/web/index.php'
]

$_SERVER = [
    'MIBDIRS' => 'C:/xampp/php/extras/mibs'
    'MYSQL_HOME' => '\\xampp\\mysql\\bin'
    'OPENSSL_CONF' => 'C:/xampp/apache/bin/openssl.cnf'
    'PHP_PEAR_SYSCONF_DIR' => '\\xampp\\php'
    'PHPRC' => '\\xampp\\php'
    'TMP' => '\\xampp\\tmp'
    'HTTP_HOST' => 'localhost'
    'HTTP_USER_AGENT' => 'Mozilla/5.0 (Windows NT 6.3; WOW64; rv:36.0) Gecko/20100101 Firefox/36.0'
    'HTTP_ACCEPT' => 'text/html,application/xhtml+xml,application/xml;q=0.9,*/*;q=0.8'
    'HTTP_ACCEPT_LANGUAGE' => 'en-US,en;q=0.5'
    'HTTP_ACCEPT_ENCODING' => 'gzip, deflate'
    'HTTP_REFERER' => 'http://localhost/bir_dwts/backend/web/index.php?r=site%2Flogin'
    'HTTP_COOKIE' => 'SESS852d8b94f3c62424c67fe41570978de8=5yL00e1yfDL5kW4-0ibLxVSqqPjvFMOtb3bbxk0phg4; _identity=67703c2f6da9d640461770c7bc53346c5b6efe3b95b5f950844c3c015b7055eaa%3A2%3A%7Bi%3A0%3Bs%3A9%3A%22_identity%22%3Bi%3A1%3Bs%3A46%3A%22%5B1%2C%22Sf7oCZn0iOIuHA9rBFhBiUDCb7hpdpgW%22%2C2592000%5D%22%3B%7D; PHPSESSID=7ojd7225hr3i4n765ei7ebbd35; _csrf=daf5e513521f7557badca461222fba6ac7e92f131091fec509a455c77edc2e8da%3A2%3A%7Bi%3A0%3Bs%3A5%3A%22_csrf%22%3Bi%3A1%3Bs%3A32%3A%22UQss1TpcK77j4JEIF9KCZUTtS5XUnkoA%22%3B%7D'
    'HTTP_CONNECTION' => 'keep-alive'
    'CONTENT_TYPE' => 'application/x-www-form-urlencoded'
    'CONTENT_LENGTH' => '203'
    'PATH' => 'C:\\ProgramData\\Oracle\\Java\\javapath;C:\\Program Files (x86)\\NVIDIA Corporation\\PhysX\\Common;C:\\Program Files (x86)\\Intel\\iCLS Client\\;C:\\Program Files\\Intel\\iCLS Client\\;C:\\WINDOWS\\system32;C:\\WINDOWS;C:\\WINDOWS\\System32\\Wbem;C:\\WINDOWS\\System32\\WindowsPowerShell\\v1.0\\;C:\\Program Files (x86)\\Windows Live\\Shared;C:\\Program Files\\Intel\\Intel(R) Management Engine Components\\DAL;C:\\Program Files\\Intel\\Intel(R) Management Engine Components\\IPT;C:\\Program Files (x86)\\Intel\\Intel(R) Management Engine Components\\DAL;C:\\Program Files (x86)\\Intel\\Intel(R) Management Engine Components\\IPT;C:\\Program Files (x86)\\Intel\\OpenCL SDK\\2.0\\bin\\x86;C:\\Program Files (x86)\\Intel\\OpenCL SDK\\2.0\\bin\\x64;C:\\Program Files\\TortoiseGit\\bin;c:\\xampp\\php'
    'SystemRoot' => 'C:\\WINDOWS'
    'COMSPEC' => 'C:\\WINDOWS\\system32\\cmd.exe'
    'PATHEXT' => '.COM;.EXE;.BAT;.CMD;.VBS;.VBE;.JS;.JSE;.WSF;.WSH;.MSC'
    'WINDIR' => 'C:\\WINDOWS'
    'SERVER_SIGNATURE' => '<address>Apache/2.4.7 (Win32) OpenSSL/0.9.8y PHP/5.4.22 Server at localhost Port 80</address>
'
    'SERVER_SOFTWARE' => 'Apache/2.4.7 (Win32) OpenSSL/0.9.8y PHP/5.4.22'
    'SERVER_NAME' => 'localhost'
    'SERVER_ADDR' => '::1'
    'SERVER_PORT' => '80'
    'REMOTE_ADDR' => '::1'
    'DOCUMENT_ROOT' => 'C:/xampp/htdocs'
    'REQUEST_SCHEME' => 'http'
    'CONTEXT_PREFIX' => ''
    'CONTEXT_DOCUMENT_ROOT' => 'C:/xampp/htdocs'
    'SERVER_ADMIN' => 'postmaster@localhost'
    'SCRIPT_FILENAME' => 'C:/xampp/htdocs/bir_dwts/backend/web/index.php'
    'REMOTE_PORT' => '63679'
    'GATEWAY_INTERFACE' => 'CGI/1.1'
    'SERVER_PROTOCOL' => 'HTTP/1.1'
    'REQUEST_METHOD' => 'POST'
    'QUERY_STRING' => 'r=site%2Flogin'
    'REQUEST_URI' => '/bir_dwts/backend/web/index.php?r=site%2Flogin'
    'SCRIPT_NAME' => '/bir_dwts/backend/web/index.php'
    'PHP_SELF' => '/bir_dwts/backend/web/index.php'
    'REQUEST_TIME_FLOAT' => 1427531343.627
    'REQUEST_TIME' => 1427531343
]
